<?xml version="1.0" encoding="UTF-8"?>
<testsuite xmlns:xsi="http://www.w3.org/2001/XMLSchema-instance" xsi:noNamespaceSchemaLocation="https://maven.apache.org/surefire/maven-surefire-plugin/xsd/surefire-test-report-3.0.xsd" version="3.0" name="edu.uob.FinalTests" time="0.108" tests="3" errors="0" skipped="0" failures="0">
  <properties>
[...]
</properties>
  <testcase name="testDoc" classname="edu.uob.FinalTests" time="0.057">
    <system-out><![CDATA[Response: 
[OK] 
id	task submission mark pass
1 OXO 3 35 FALSE
2 DB 1 65 TRUE
3 OXO 4 20 FALSE
4 STAG 2 55 TRUE
]]></system-out>
  </testcase>
  <testcase name="testDifficult2" classname="edu.uob.FinalTests" time="0.014"/>
  <testcase name="testDifficult" classname="edu.uob.FinalTests" time="0.035"/>
</testsuite>